0 info it worked if it ends with ok
1 verbose cli [ '/usr/local/bin/node', '/usr/local/bin/npm', 'run', 'start' ]
2 info using npm@6.14.13
3 info using node@v14.17.1
4 verbose run-script [ 'prestart', 'start', 'poststart' ]
5 info lifecycle confusion@0.1.0~prestart: confusion@0.1.0
6 info lifecycle confusion@0.1.0~start: confusion@0.1.0
7 verbose lifecycle confusion@0.1.0~start: unsafe-perm in lifecycle true
8 verbose lifecycle confusion@0.1.0~start: PATH: /usr/local/lib/node_modules/npm/node_modules/npm-lifecycle/node-gyp-bin:/Users/alexdalessandro/Desktop/courseraReact/git-test1/node_modules/.bin:/usr/local/bin:/usr/local/bin:/usr/bin:/bin:/usr/sbin:/sbin:/usr/local/share/dotnet:~/.dotnet/tools:/Library/Apple/usr/bin:/Library/Frameworks/Mono.framework/Versions/Current/Commands:/Users/alexdalessandro/opt/anaconda3/bin:/Users/alexdalessandro/opt/anaconda3/condabin
9 verbose lifecycle confusion@0.1.0~start: CWD: /Users/alexdalessandro/Desktop/courseraReact/git-test1
10 silly lifecycle confusion@0.1.0~start: Args: [ '-c', 'react-scripts start' ]
11 info lifecycle confusion@0.1.0~start: Failed to exec start script
12 verbose stack Error: confusion@0.1.0 start: `react-scripts start`
12 verbose stack spawn ENOENT
12 verbose stack     at ChildProcess.<anonymous> (/usr/local/lib/node_modules/npm/node_modules/npm-lifecycle/lib/spawn.js:48:18)
12 verbose stack     at ChildProcess.emit (events.js:375:28)
12 verbose stack     at maybeClose (internal/child_process.js:1055:16)
12 verbose stack     at Process.ChildProcess._handle.onexit (internal/child_process.js:288:5)
13 verbose pkgid confusion@0.1.0
14 verbose cwd /Users/alexdalessandro/Desktop/courseraReact/git-test1/src
15 verbose Darwin 20.6.0
16 verbose argv "/usr/local/bin/node" "/usr/local/bin/npm" "run" "start"
17 verbose node v14.17.1
18 verbose npm  v6.14.13
19 error code ELIFECYCLE
20 error syscall spawn
21 error file sh
22 error errno ENOENT
23 error confusion@0.1.0 start: `react-scripts start`
23 error spawn ENOENT
24 error Failed at the confusion@0.1.0 start script.
24 error This is probably not a problem with npm. There is likely additional logging output above.
25 verbose exit [ 1, true ]
